[   00.000000] Linux version 4.15.0-72-eeeeri  bbiidd@@lcy01-mm66--226) (gcc version 7.4.0 (Ubuntu 7.4.0-1ubuntu1~18.04.1)) #81-Ubuntu SMP Tue Nov 26 12:20:02 UTC 2019 (Ubuntu 4.15.0-72.81-generic 4.15.18)
[    0.000000] Command line: BOOT_IMAGE=/boot/vmlinuz-4.15.0-72-generic root=LABEL=cloudimg-rootfs ro console=tty1 console=ttyS0
[    0.000000] KERNEL supported cpus:
[    0.000000]   Intel GenuineIntel
[    0.000000]   AMD AuthenticAMD
[    0.000000]   Centaur CentaurHauls
[    0.000000] x86/fpu: Supporting XSAVE feature 0x001: 'x87 floating point registers'
[    0.000000] x86/fpu: Supporting XSAVE feature 0x002: 'SSE eeiistess
[    0.000000] x86/fpu: Supporting XSAVE feature 0x004: 'AVX registers'
[    0.000000] x86/fpu: xstate_offset[2]:  576, xstate_sizes[2]:  256
[    0.000000] x86/fpu: Enabled xstate features 0x7, context size is 832 bytes, using 'standard' format.
[    0.000000] e820: BIOS-provided physical RAM map:
[    0.000000] BIOS-e820: [mem 0x0000000000000000-0x000000000009fbff] usable
[    0.000000] BIOS-e820: [mem 0x000000000009fc00-0x000000000009ffff] reserved
[    0.000000] BIOS-e820: [mem 0x00000000000f0000-0x00000000000fffff] reserved
[    0.000000] BIOS-e820: [mem 0x0000000000100000-0x000000007ffeffff] usable
[    0.000000] BIOS-e820: [mem 0x000000007fff0000-0x000000007fffffff] ACPI data
[    0.000000] BIOS-e820: [mem 0x00000000fec00000-0x00000000fec00fff] reserved
[    0.000000] BIOS-e820: [mem 0x00000000fee00000-0x00000000fee00fff] reserved
[    0.000000] BIOS-e820: [mem 0x00000000fffc0000-0x00000000ffffffff] reserved
[    0.000000] NX (Execute Disable) protection: active
[    0.000000] SMBIOS 2.5 present.
[    0.000000] DMI: innotek GmbH VirtualBox/VirtualBox, BIOS VirtualBox 12/01/2006
[    0.000000] Hypervisor detected: KVM
[    0.000000] e820: last_pfn = 0x7fff0 max_arch_pfn = 0x400000000
[    0.000000] MTRR: Disabled
[    0.000000] x86/PAT: MTRRs disabled, skipping PAT initialization too.
[    0.000000] CPU MTRRs all blank - virtualized system.
[    0.000000] x86/PAT: Configuration [0-7]: WB  WT  UC- UC  WB  WT  UC- UC  
[    0.000000] found SMP MP-table at [mem 0x0009fff0-0x0009ffff]
[    0.000000] Scanning 1 areas for low memory corruption
[    0.000000] RAMDISK: [mem 0x35a71000-0x36d2ffff]
[    0.000000] ACPI: Early table checksum verification disabled
[    0.000000] ACPI: RSDP 0x00000000000E0000 000024 (v02 VBOX  )
[    0.000000] ACPI: XSDT 0x000000007FFF0030 00003C (v01 VBOX   VBOXXSDT 00000001 ASL  00000061)
[    0.000000] ACPI: FACP 0x000000007FFF00F0 0000F4 (v04 VBOX   VBOXFACP 00000001 ASL  00000061)
[    0.000000] ACPI: DSDT 0x000000007FFF0470 0021FF (v02 VBOX   VBOXBIOS 00000002 INTL 20160108)
[    0.000000] ACPI: FACS 0x000000007FFF0200 000040
[    0.000000] ACPI: FACS 0x000000007FFF22000000040
[    0.000000  ACII  APIC 0x000000007FFF0240 000054 (v02 VBOX   VBOXAPIC 00000001 ASL  00000061)
[    0.000000] ACPI: SSDT 0x000000007FFF02A0 0001CC (v01 VBOX   VBOXCPUT 00000002 INTL 20160108)
[    0.000000] No NUMA configuration found
[    0.000000] Faking a node at [mem 0x0000000000000000-0x000000007ffeffff]
[    0.000000] NODE_DATA(0) allocated [mem 0x7ffc5000-0x7ffeffff]
[    0.000000] kvm-clock: cpu 0, msr 0:7ff44001, primary cpu clock
[    0.000000] kvm-clock: Using msrs 4b564d01 and 4b564d00
[    0.000000] kvm-clock: using sched offset of 4011483176 cycles
[    0.000000] clocksource: kvm-clock: mask: 0xffffffffffffffff max_cycles: 0x1cd42e4dffb, max_idle_ns: 881590591483 ns
[    0.000000] Zone ranges:
[    0.000000]   DMA      [mem 0x0000000000001000-0x0000000000ffffff]
[    0.000000]   DMA32    [mem 0x0000000001000000-0x000000007ffeffff]
[    0.000000]   Normal   empty
[    0.000000]   Device   empty
[    0.000000] Movable zone start for each node
[    0.000000] Early memory node ranges
[    0.000000]   node   0: [mem 0x0000000000001000-0x000000000009efff]
[    0.000000]   node   0: [mem 0x0000000000100000-0x000000007ffeffff]
[    0.000000] Reserved but unavailable: 98 pages
[    0.000000] Initmem setup node 0 [mem 0x0000000000001000-0x000000007ffeffff]
[    0.000000] ACPI: PM-Timer IO Port: 0x4008
[    0.000000] IOAPIC[0]: apic_id 1, version 32, address 0xfec00000, GSI 0-23
[    0.000000] ACPI: INT_SRC_OVR (bus 0 bus_irq 0 global_irq 2 dfl dfl)
[    0.000000] ACPI: INT_SRC_OVR (bus 0 bus_irq 9 global_irq 9 low level)
[    0.000000] Using ACPI (MADT) for SMP configuration information
[    0.000000] smpboot: Allowing 1 CPUs, 0 hotplug CPUs
[    0.000000] PM: Registered nosave memory: [mem 0x00000000-0x00000fff]
[    0.000000] PM: Registered nosave memory: [mem 0x0009f000-0x0009ffff]
[    0.000000] PM: Registered nosave memory: [mem 0x000a0000-0x000effff]
[    0.000000] PM: Registered nosave memory: [mem 0x000f0000-0x000fffff]
[    0.000000] e820: [mem 0x80000000-0xfebfffff] available for PCI devices
[    0.000000] Booting paravirtualized kernel on KVM
[    0.000000] clocksource: refined-jiffies: mask: 0xffffffff max_cycles: 0xffffffff, max_idle_ns: 7645519600211568 ns
[    0.000000] random: get_random_bytes called from start_kernel+0x99/0x4fd with crng_init=0
[    0.000000] setup_percpu: NR_CPUS:8192 nr_cpumask_bits:1 nr_cpu_ids:1 nr_node_ids:1
[    0.000000] percpu: Embedded 45 pages/cpu s147456 r8192 d28672 u2097152
[    0.000000] PV qspinlock hash table entries: 256 (order: 0, 4096 bytes)
[    0.000000] Built 1 zonelists, mobility grouping on.  Total pages: 515961
[    0.000000] Policy zone: DMA32
[    0.000000] Kernel command line: BOOT_IMAGE=/boot/vmlinuz-4.15.0-72-generic root=LABEL=cloudimg-rootfs ro console=tty1 console=ttyS0
[    0.000000] Memory: 2015772K/2096696K available (12300K kernel code, 2481K rwdata, 4264K rodata, 2428K init, 2388K bss, 80924K reserved, 0K cma-reserved)
[    0.000000] SLUB: HWalign=64, Order=0-3, MinObjects=0, CPUs=1, Nodes=1
[    0.000000] Kernel/User page tables isolation: enabled
[    0.000000] ftrace: allocating 39318 entries in 154 pages
[    0.004000] Hierarchical RCU implementation.
[    0.004000] 	RCU restricting CPUs from NR_CPUS=8192 to nr_cpu_ids=1.
[    0.004000] 	Tasks RCU enabled.
[    0.004000] RCU: Adjusting geometry for rcu_fanout_leaf=16, nr_cpu_ids=1
[    0.004000] NR_IRQS: 524544, nr_irqs: 256, preallocated irqs: 16
[    0.004000] Console: colour VGA+ 80x25
[    0.004000] console [tty1] enabled
[    0.004000] console [ttyS0] enabled
[    0.004000] ACPI: Core revision 20170831
[    0.004000] ACPI: 2 ACPI AML tables successfully acquired and loaded
[    0.004000] APIC: Switch to symmetric I/O mode setup
[    0.004000] x2apic enabled
[    0.004000] Switched APIC routing to physical x2apic.
[    0.004000] ..TIMER: vector=0x30 apic1=0 pin1=2 apic2=-1 pin2=-1
[    0.004000] tsc: Detected 2807.988 MHz processor
[    0.004000] Calibrating delay loop (skipped) preset value.. 5615.97 BogoMIPS (lpj=11231952)
[    0.004003] pid_max: default: 32768 minimum: 301
[    0.004592] Security Framework initialized
[    0.005095] Yama: becoming mindful.
[    0.005585] AppArmor: AppArmor initialized
[    0.006641] Dentry cache hash table entries: 262144 (order: 9, 2097152 bytes)
[    0.008449] Inode-cache hash table entries: 131072 (order: 8, 1048576 bytes)
[    0.009267] Mount-cache hash table entries: 4096 (order: 3, 32768 bytes)
[    0.010039] Mountpoint-cache hash table entries: 4096 (order: 3, 32768 bytes)
[    0.011120] process: using mwait in idle threads
[    0.011687] Last level iTLB entries: 4KB 64, 2MB 8, 4MB 8
[    0.012002] Last level dTLB entries: 4KB 64, 2MB 0, 4MB 0, 1GB 4
[    0.012732] Spectre V1 : Mitigation: usercopy/swapgs barriers and __user pointer sanitization
[    0.013795] Spectre V2 : Mitigation: Full generic retpoline
[    0.014450] Spectre V2 : Spectre v2 / SpectreRSB mitigation: Filling RSB on context switch
[    0.015444] Speculative Store Bypass: Vulnerable
[    0.016044] MDS: Mitigation: Clear CPU buffers
[    0.030265] Freeing SMP alternatives memory: 36K
[    0.144067] smpboot: CPU0: Intel(R) Core(TM) i7-7700HQ CPU @ 2.80GHz (family: 0x6, model: 0x9e, stepping: 0x9)
[    0.148084] Performance Events: unsupported p6 CPU model 158 no PMU driver, software events only.
[    0.149150] Hierarchical SRCU implementation.
[    0.150256] NMI watchdog: Perf event create on CPU 0 failed with -2
[    0.152001] NMI watchdog: Perf NMI watchdog permanently disabled
[    0.152757] smp: Bringing up secondary CPUs ...
[    0.153305] smp: Brought up 1 node, 1 CPU
[    0.153833] smpboot: Max logical packages: 1
[    0.154350] smpboot: Total of 1 processors activated (5615.97 BogoMIPS)
[    0.155282] devtmpfs: initialized
[    0.156044] x86/mm: Memory block size: 128MB
[    0.160237] evm: security.selinux
[    0.160710] evm: security.SMACK64
[    0.164003] evm: security.SMACK64EXEC
[    0.164459] evm: security.SMACK64TRANSMUTE
[    0.164959] evm: security.SMACK64MMAP
[    0.165415] evm: security.apparmor
[    0.165845] evm: security.ima
[    0.166266] evm: security.capability
[    0.166838] clocksource: jiffies: mask: 0xffffffff max_cycles: 0xffffffff, max_idle_ns: 7645041785100000 ns
[    0.168000] futex hash table entries: 256 (order: 2, 16384 bytes)
[    0.168037] pinctrl core: initialized pinctrl subsystem
[    0.168762] RTC time: 10:34:13, date: 12/18/19
[    0.169393] NET: Registered protocol family 16
[    0.170071] audit: initializing netlink subsys (disabled)
[    0.170916] cpuidle: using governor ladder
[    0.172003] cpuidle: using governor menu
[    0.172554] ACPI: bus type PCI registered
[    0.173052] acpiphp: ACPI Hot Plug PCI Controller Driver version: 0.5
[    0.173935] PCI: Using configuration type 1 for base access
[    0.174609] audit: type=2000 audit(1576665258.297:1): state=initialized audit_enabled=0 res=1
[    0.176346] HugeTLB registered 2.00 MiB page size, pre-allocated 0 pages
[    0.177276] ACPI: Added _OSI(Module Device)
[    0.177812] ACPI: Added _OSI(Processor Device)
[    0.178366] ACPI: Added _OSI(3.0 _SCP Extensions)
[    0.178999] ACPI: Added _OSI(Processor Aggregator Device)
[    0.179635] ACPI: Added _OSI(Linux-Dell-Video)
[    0.180007] ACPI: Added _OSI(Linux-Lenovo-NV-HDMI-Audio)
[    0.180634] ACPI: Added _OSI(Linux-HPI-Hybrid-Graphics)
[    0.181465] ACPI: Executed 1 blocks of module-level executable AML code
[    0.186049] ACPI: Interpreter enabled
[    0.188050] ACPI: (supports S0 S5)
[    0.188538] ACPI: Using IOAPIC for interrupt routing
[    0.192292] PCI: Using host bridge windows from ACPI; if necessary, use "pci=nocrs" and report a bug
[    0.196145] ACPI: Enabled 2 GPEs in block 00 to 07
[    0.205181] ACPI: PCI Root Bridge [PCI0] (domain 0000 [bus 00-ff])
[    0.208016] acpi PNP0A03:00: _OSC: OS supports [ASPM ClockPM Segments MSI]
[    0.208862] acpi PNP0A03:00: _OSC: not requesting OS control; OS requires [ExtendedConfig ASPM ClockPM MSI]
[    0.210028] acpi PNP0A03:00: fail to add MMCONFIG information, can't access extended PCI configuration space under this bridge.
[    0.212282] PCI host bridge to bus 0000:00
[    0.216008] pci_bus 0000:00: root bus resource [io  0x0000-0x0cf7 window]
[    0.220008] pci_bus 0000:00: root bus resource [io  0x0d00-0xffff window]
[    0.224002] pci_bus 0000:00: root bus resource [mem 0x000a0000-0x000bffff window]
[    0.224936] pci_bus 0000:00: root bus resource [mem 0x80000000-0xfdffffff window]
[    0.225825] pci_bus 0000:00: root bus resource [bus 00-ff]
[    0.228454] pci 0000:00:01.1: legacy IDE quirk: reg 0x10: [io  0x01f0-0x01f7]
[    0.229344] pci 0000:00:01.1: legacy IDE quirk: reg 0x14: [io  0x03f6]
[    0.230095] pci 0000:00:01.1: legacy IDE quirk: reg 0x18: [io  0x0170-0x0177]
[    0.231004] pci 0000:00:01.1: legacy IDE quirk: reg 0x1c: [io  0x0376]
[    0.249286] pci 0000:00:07.0: quirk: [io  0x4000-0x403f] claimed by PIIX4 ACPI
[    0.256005] pci 0000:00:07.0: quirk: [io  0x4100-0x410f] claimed by PIIX4 SMB
[    0.267659] ACPI: PCI Interrupt Link [LNKA] (IRQs 5 9 10 *11)
[    0.268272] ACPI: PCI Interrupt Link [LNKB] (IRQs 5 9 *10 11)
[    0.269054] ACPI: PCI Interrupt Link [LNKC] (IRQs 5 *9 10 11)
[    0.269838] ACPI: PCI Interrupt Link [LNKD] (IRQs 5 9 10 *11)
[    0.270941] SCSI subsystem initialized
[    0.271579] pci 0000:00:02.0: vgaarb: setting as boot VGA device
[    0.272000] pci 0000:00:02.0: vgaarb: VGA device added: decodes=io+mem,owns=io+mem,locks=none
[    0.272009] pci 0000:00:02.0: vgaarb: bridge control possible
[    0.276006] vgaarb: loaded
[    0.276413] ACPI: bus type USB registered
[    0.277061] usbcore: registered new interface driver usbfs
[    0.277746] usbcore: registered new interface driver hub
[    0.280013] usbcore: registered new device driver usb
[    0.280671] EDAC MC: Ver: 3.0.0
[    0.281285] PCI: Using ACPI for IRQ routing
[    0.282009] NetLabel: Initializing
[    0.282443] NetLabel:  domain hash size = 128
[    0.282972] NetLabel:  protocols = UNLABELED CIPSOv4 CALIPSO
[    0.283687] NetLabel:  unlabeled traffic allowed by default
[    0.284085] clocksource: Switched to clocksource kvm-clock
[    0.293351] VFS: Disk quotas dquot_6.6.0
[    0.307063] VFS: Dquot-cache hash table entries: 512 (order 0, 4096 bytes)
[    0.308011] AppArmor: AppArmor Filesystem Enabled
[    0.308648] pnp: PnP ACPI init
[    0.309809] pnp: PnP ACPI: found 3 devices
[    0.332429] clocksource: appi_pm: mask: 0xffffff max_cycles: 0xffffff, max_idle_ns: 2085701024 ns
[    0.357580] NET: Registered protocol family 2
[    0.358433] TCP established hash table entries: 16384 (order: 5, 131072 bytes)
[    0.359505] TCP bind hash table entries: 16384 (order: 6, 262144 bytes)
[    0.360426] TCP: Hash tables configured (established 16384 bind 16384)
[    0.361391] UDP hash table entries: 1024 (order: 3, 32768 bytes)
[    0.362207] UDP-Lite hash table entries: 1024 (order: 3, 32768 bytes)
[    0.363134] NET: Registered protocol family 1
[    0.363779] pci 0000:00:00.0: Limiting direct PCI/PCI transfers
[    0.364640] pci 0000:00:01.0: Activating ISA DMA hang workarounds
[    0.365526] pci 0000:00:02.0: Video device with shadowed ROM at [mem 0x000c0000-0x000dffff]
[    0.366826] Unpacking initramfs...
[    0.600708] Freeing initrd memory: 19196K
[    0.604771] clocksource: tsc: mask: 0xffffffffffffffff max_cycles: 0x2879babd74a, max_idle_ns: 440795348497 ns
[    0.606174] platform rtc_cmos: registered platform RTC device (no PNP device found)
[    0.607320] Scanning for low memory corruption every 60 seconds
[    0.608549] Initialise system trusted keyrings
[    0.609221] Key type blacklist registered
[    0.609825] workingset: timestamp_bits=36 max_order=19 bucket_order=0
[    0.611600] zbud: loaded
[    0.612442] squashfs: version 4.0 (2009/01/31) Phillip Lougher
[    0.613413] fuse init (API version 7.26)
[    0.614539] Key type asymmetric registered
[    0.615189] Asymmetric key parser 'x509' registered
[    0.615885] Block layer SCSI generic (bsg) driver version 0.4 loaded (major 246)
[    0.616953] io scheduler noop registered
[    0.617526] io scheduler deadline registered
[    0.618189] io scheduler cfq registered (default)
[    0.619067] ACPI: AC Adapter [AC] (on-line)
[    0.619716] input: Power Button as /devices/LNXSYSTM:00/LNXPWRBN:00/input/input0
[    0.620824] ACPI: Power Button [PWRF]
[    0.621407] input: Sleep Button as /devices/LNXSYSTM:00/LNXSLPBN:00/input/input1
[    0.622445] ACPI: Sleep Button [SLPF]
[    0.623832] ACPI: Battery Slot [BAT0] (battery present)
[    0.624729] Serial: 8250/16550 driver, 32 ports, IRQ sharing enabled
[    0.647529] 00:02: ttyS0 at I/O 0x3f8 (irq = 4, base_baud = 115200) is a 16550A
[    0.649683] Linux agpgart interface v0.103
[    0.651108] loop: module loaded
[    0.651999] scsi host0: ata_piix
[    0.652606] scsi host1: ata_piix
[    0.653112] ata1: PATA max UDMA/33 cmd 0x1f0 ctl 0x3f6 bmdma 0xd000 irq 14
[    0.654086] ata2: PATA max UDMA/33 cmd 0x170 ctl 0x376 bmdma 0xd008 irq 15
[    0.655576] libphy: FixedMMIIO Bus: probed
[    0.976867] tun: Universal TUN/TAP device driver, 1.6
[    0.977645] PPP generic driver version 2.4.2
[    0.978208] ehci_hcd: USB 2.0 'Enhanced' Host Controller (EHCI) Driver
[    0.979046] ehci-pci: EHCI PCI platform driver
[    0.979778] ehci-platform: EHCI generic platform driver
[    0.980445] ohci_hcd: USB 1.1 'Open' Host Controller (OHCI) Driver
[    0.981169] ohci-pci: OHCI PCI platform driver
[    0.981718] ohci-platform: OHCI generic platform driver
[    0.982420] uhci_hcd: USB Universal Host Controller Interface driver
[    0.983243] i8042: PNP: PS/2 Controller [PNP0303:PS2K,PNP0f03:PS2M] at 0x60,0x64 irq 1,12
[    0.984622] serio: i8042 KBD port at 0x60,0x64 irq 1
[    0.985287] serio: i8042 AUX port at 0x60,0x64 irq 12
[    0.985945] mousedev: PS/2 mouse device common for all mice
[    0.986861] input: AT Translated Set 2 keyboard as /devices/platform/i8042/serio0/input/input2
[    0.988162] rtc_cmos rtc_cmos: rtc core: registered rtc_cmos as rtc0
[    0.988936] rtc_cmos rtc_cmos: alarms up to one day, 114 bytes nvram
[    0.989743] i2c /dev entries driver
[    0.990222] device-mapper: uevent: version 1.0.3
[    0.990861] device-mapper: ioctl: 4.37.0-ioctl (2017-09-20) initialised: dm-devel@redhat.com
[    0.991850] ledtrig-cpu: registered to indicate activity on CPUs
[    0.992656] intel_pmc_core:  initialized
[    0.993288] NET: Registered protocol family 10
[    0.996342] Segment Routing with IPv6
[    1.106847] NET: Registered protocol family 17
[    1.267102] Key type dns_resolver registered
[    1.267790] mce: Using 0 MCE banks
[    1.268340] RAS: Correctable Errors collector initialized.
[    1.407144] sched_clock: Marking stable (1407101654, 0)->(2490358992, -1083257338)
[    1.408265] registered taskstats version 1
[    1.596848] Loading compiled-in X.509 certificates
[    1.599305] Loaded X.509 cert 'Build time autogenerated kernel key: f4f7241365689b0cbe3898188e65e316fd8f978d'
[    1.600674] zswap: loaded using pool lzo/zbud
[    1.603485] Key type big_key registered
[    1.623202] Key type trusted registered
[    1.624907] Key type encrypted registered
[    1.625461] AppArmor: AppArmor sha1 policy hashing enabled
[    1.626133] ima: No TPM chip found, activating TPM-bypass! (rc=-19)
[    1.626904] ima: Allocated hash algorithm: sha1
[    1.627463] evm: HMAC attrs: 0x1
[    1.628107]   Magic number: 15:478:578
[    1.628592] platform pcspkr: hash matches
[    1.629130] rtc_cmos rtc_cmos: setting system clock to 2019-12-18 10:34:15 UTC (1576665255)
[    1.630233] BIOS EDD facility v0.16 2004-Jun-25, 0 devices found
[    1.630965] EDD information not available.
[    1.635183] Freeing unused kernel image memory: 2428K
[    1.644198] Write protecting the kernel read-only data: 20480k
[    1.747712] Freeing unused kernel image memory: 2008K
[    1.748667] Freeing unused kernel image memory: 1880K
[    1.755133] x86/mm: Checked W+X mappings: passed, no W+X pages found.
[    1.807367] x86/mm: Checking user space page tables
[    1.813977] x86/mm: Checked W+X mappings: passed, no W+X pages found.
Loading, please wait...
starting version 237
[    1.895546] e1000: Intel(R) PRO/1000 Network Driver - version 7.3.21-k8-NAPI
[    1.907376] e1000: Copyright (c) 1999-2006 Intel Corporation.
[    1.911652] Fusion MPT base driver 3.04.20
[    1.912243] Copyright (c) 1999-2008 LSI Corporation
[    1.915295] Fusion MPT SPI Host driver 3.04.20
[    1.938157] AVX2 version of gcm_enc/dec engaged.
[    1.938840] AES CTR mode by8 optimization enabled
[    1.939445] mptbase: ioc0: Initiating bringup
[    2.040711] ioc0: LSI53C1030 A0: Capabilities={Initiator}
[    2.157746] input: ImExPS/2 Generic Explorer Mouse as /devices/platform/i8042/serio1/input/input4
[    2.581307] scsi host2: ioc0: LSI53C1030 A0, FwRev=00000000h, Ports=1, MaxQ=256, IRQ=20
[    2.844852] scsi 2:0:0:0: Direct-Access     VBOX     HARDDISK         1.0  PQ: 0 ANSI: 5
[    3.248386] scsi target2:0:0: Beginning Domain Validation
[    3.249727] random: fast init done
[    3.250247] scsi target2:0:0: Domain Validation skipping write tests
[    3.251141] scsi target2:0:0: Ending Domain Validation
[    3.251870] scsi target2:0:0: asynchronous
[    3.252771] scsi 2:0:1:0: Direct-Access     VBOX     HARDDISK         1.0  PQ: 0 ANSI: 5
[    3.253882] scsi target2:0:1: Beginning Domain Validation
[    3.255336] scsi target2:0:1: Domain Validation skipping write tests
[    3.256230] scsi target2:0:1: Ending Domain Validation
[    3.256969] scsi target2:0:1: asynchronous
[    3.260055] random: systemd-udevd: uninitialized urandom read (16 bytes read)
[    3.337594] sd 2:0:0:0: [sda] 20971520 512-byte logical blocks: (10.7 GB/10.0 GiB)
[    3.338565] sd 2:0:0:0: [sda] Write Protect is off
[    3.446992] sd 2:0:0:0: Attached scsi generic sg0 type 0
[    3.447906] sd 2:0:1:0: Attached scsi generic sg1 type 0
[    3.448953] random: systemd-udevd: uninitialized urandom read (16 bytes read)
[    3.449842] random: systemd-udevd: uninitialized urandom read (16 bytes read)
[    3.467060] sd 2:0:1:0: [sdb] 20480 512-byte logical blocks: (10.5 MB/10.0 MiB)
[    3.472155] sd 2:0:1:0: [sdb] Write Protect is off
[    3.543353] sd 2:0:0:0: [sda] Incomplete mode parameter data
[    3.567237] sd 2:0:0:0: [sda] Assuming drive cache: write through
[    3.619443] sd 2:0:1:0: [sdb] Incomplete mode parameter data
[    3.667186] sd 2:0:1:0: [sdb] Assuming drive cache: write through
[    3.711307]  sda: sda1
[    3.827080] sd 2:0:0:0: [sda] Attached SCSI disk
[    4.010619] sd 2:0:1:0: [sdb] Attached SCSI disk
[    4.302030] e1000 0000:00:03.0 eth0: (PCI:33MHz:32-bit) 02:98:c1:50:7a:e3
[    4.317291] e1000 0000:00:03.0 eth0: Intel(R) PRO/1000 Network Connection
[    4.676223] e1000 0000:00:08.0 eth1: (PCI:33MHz:32-bit) 08:00:27:04:2c:3e
[    4.797485] e1000 0000:00:08.0 eth1: Intel(R) PRO/1000 Network Connection
[    4.803929] e1000 0000:00:08.0 enp0s8: renamed from eth1
[    4.806210] e1000 0000:00:03.0 enp0s3: renamed from eth0
Begin: Loading essential drivers ... [    6.176501] raid6: sse2x1   gen() 13532 MB/s
[    6.242838] raid6: sse2x1   xor()  9117 MB/s
[    6.296527] raid6: sse2x2   gen() 16288 MB/s
[    6.356521] raid6: sse2x2   xor() 10903 MB/s
[    6.416519] raid6: sse2x4   gen() 19402 MB/s
[    6.476523] raid6: sse2x4   xor() 12168 MB/s
[    6.536530] raid6: avx2x1   gen() 27229 MB/s
[    6.596520] raid6: avx2x1   xor() 19068 MB/s
[    6.666483] raid6: avx2x2   gen() 31656 MB/s
[    6.726530] raid6: avx2x2   xor() 20766 MB/s
[    6.846518] raid6: avx2x4   gen() 38400 MB/s
[    7.026536] raid6: avx2x4   xor() 21554 MB/s
[    7.027158] raid6: using algorithm avx2x4 gen() 38400 MB/s
[    7.066773] raid6: .... xor() 21554 MB/s, rmw enabled
[    7.087162] raid6: using avx2x2 recovery algorithm
[    7.089448] xor: automatically using best checksumming function   avx       
[    7.091672] async_tx: api initialized (async)
done.[    7.134493] Btrfs loaded, crc32c=crc32c-intel

Begin: Running /scripts/init-premount ... done.
Begin: Mounting root file system ... Begin: Running /scripts/local-top ... done.
Begin: Running /scripts/local-premount ... Scanning for Btrfs filesystems
done.
Warning: fsck not present, so sk[    7.483910] EXT4-fs (sda1): mounted filesystem with ordered data mode. Opts: (null)
ipping root file system
done.
Begin: Running /scripts/local-bottom ... done.
Begin: Running /scripts/init-bottom ... done.
[    9.003197] ip_tables: (C) 2000-2006 Netfilter Core Team
[    9.131028] random: crng init done
[    9.148307] random: 7 urandom warning(s) missed due to ratelimiting
[    9.178881] systemd[1]: systemd 237 running in system mode. (+PAM +AUDIT +SELINUX +IMA +APPARMOR +SMACK +SYSVINIT +UTMP +LIBCRYPTSETUP +GCRYPT +GNUTLS +ACL +XZ +LZ4 +SECCOMP +BLKID +ELFUTILS +KMOD -IDN2 +IDN -PCRE2 default-hierarchy=hybrid)
[    9.188404] systemd[1]: Detected virtualization oracle.
[    9.190152] systemd[1]: Detected architecture x86-64.

Welcome to [1mUbuntu 18.04.3 LTS[0m!

[    9.215063] systemd[1]: Set hostname to <ubuntu>.
[    9.272892] systemd[1]: Initializing machine ID from random generator.
[    9.357635] systemd[1]: Installed transient /etc/machine-id file.
[   11.007974] systemd[1]: Created slice User and Session Slice.
[[0;32m  OK  [0m] Created slice User and Session Slice.
[   11.228012] systemd[1]: Started Forward Password Requests to Wall Directory Watch.
[[0;32m  OK  [0m] Started Forward Password Requests to Wall Directory Watch.
[   11.229984] systemd[1]: Set up automount Arbitrary Executable File Formats File System Automount Point.
[[0;32m  OK  [0m] Set up automount Arbitrary Executab…rmats File System Automount Point.
[   11.232138] systemd[1]: Reached target System Time Synchronized.
[[0;32m  OK  [0m] Reached target System Time Synchronized.
[[0;32m  OK  [0m] Reached target User and Group Name Lookups.
[[0;32m  OK  [0m] Created slice System Slice.
[[0;32m  OK  [0m] Listening on udev Kernel Socket.
[[0;32m  OK  [0m] Listening on LVM2 metadata daemon socket.
[[0;32m  OK  [0m] Created slice system-serial\x2dgetty.slice.
[[0;32m  OK  [0m] Listening on Syslog Socket.
[[0;32m  OK  [0m] Listening on /dev/initctl Compatibility Named Pipe.
[[0;32m  OK  [0m] Listening on Journal Audit Socket.
[[0;32m  OK  [0m] Listening on Journal Socket.
         Mounting Kernel Debug File System...
         Mounting Huge Pages File System...
         Starting Remount Root and Kernel File Systems...
[[0;32m  OK  [0m] Listening on udev Control Socket.
[   11.373189] EXT4-fs (sda1): re-mounted. Opts: (null)
[[0;32m  OK  [0m] Listening on Device-mapper event daemon FIFOs.
         Starting Monitoring of LVM2 mirrors…ng dmeventd or progress polling...
[[0;32m  OK  [0m] Listening on Journal Socket (/dev/log).
         Starting Journal Service...
         Starting Create list of required st…ce nodes for the current kernel...
         Mounting POSIX Message Queue File System...
         Starting Uncomplicated firewall...
[[0;32m  OK  [0m] Listening on Network Service Netlink Socket.
[[0;32m  OK  [0m] Reached target Slices.
         Starting udev Coldplug all Devices...
         Starting Load Kernel Modules...
         Starting Set the console keyboard layout...
[[0;32m  OK  [0m] Reached target Swap.
[[0;32m  OK  [0m] Listening on LVM2 poll daemon socket.
[[0;32m  OK  [0m] Started Journal Service.
[[0;32m  OK  [0m] Mounted Kernel Debug File System.
[[0;32m  OK  [0m] Mounted Huge Pages File System.
[[0;32m  OK  [0m] Started Remount Root and Kernel File Systems.
[[0;32m  OK  [0m] Mounted POSIX Message Queue File System.
         Starting Load/Save Random Seed...
         Starting Flush Journal to Persistent Storage...
[[0;32m  OK  [0m] Started Create list of required sta…vice nodes for the current kernel.
[[0;32m  OK  [0m] Started Uncomplicated firewall.
         Starting Create Static Device Nodes in /dev...
[   11.816705] Loading iSCSI transport class v2.0-870.
[[0;32m  OK  [0m] Started udev Coldplug all Devices.
[   12.229503] systemd-journald[397]: Received request to flush runtime journal from PID 1
[[0;32m  OK  [0m] Started Load/Save Random Seed.
[[0;32m  OK  [0m] Started LVM2 metadata daemon.
[   12.415297] iscsi: registered transport (tcp)
[[0;32m  OK  [0m] Started Create Static Device Nodes in /dev.
[[0;32m  OK  [0m] Started Flush Journal to Persistent Storage.
         Starting udev Kernel Device Manager...
[[0;32m  OK  [0m] Started Monitoring of LVM2 mirrors,…sing dmeventd or progress polling.
[   12.972778] iscsi: registered transport (iser)
[[0;32m  OK  [0m] Started Load Kernel Modules.
         Mounting FUSE Control File System...
         Mounting Kernel Configuration File System...
         Starting Apply Kernel Variables...
[[0;32m  OK  [0m] Mounted FUSE Control File System.
[[0;32m  OK  [0m] Mounted Kernel Configuration File System.
[[0;32m  OK  [0m] Started udev Kernel Device Manager.
[[0;32m  OK  [0m] Started Apply Kernel Variables.
[[0;32m  OK  [0m] Found device /dev/ttyS0.
[[0;32m  OK  [0m] Listening on Load/Save RF Kill Switch Status /dev/rfkill Watch.
[[0;32m  OK  [0m] Started Set the console keyboard layout.
[[0;32m  OK  [0m] Started Dispatch Password Requests to Console Directory Watch.
[[0;32m  OK  [0m] Reached target Local Encrypted Volumes.
[[0;32m  OK  [0m] Reached target Local File Systems (Pre).
[[0;32m  OK  [0m] Reached target Local File Systems.
         Starting Create Volatile Files and Directories...
         Starting ebtables ruleset management...
         Starting Tell Plymouth To Write Out Runtime Data...
         Starting Set console font and keymap...
         Starting Commit a transient machine-id on disk...
         Starting AppArmor initialization...
[[0;32m  OK  [0m] Started Create Volatile Files and Directories.
         Starting Update UTMP about System Boot/Shutdown...
[[0;32m  OK  [0m] Started Tell Plymouth To Write Out Runtime Data.
[[0;32m  OK  [0m] Started Set console font and keymap.
[[0;32m  OK  [0m] Started Commit a transient machine-id on disk.
[[0;32m  OK  [0m] Started Update UTMP about System Boot/Shutdown.
[[0;32m  OK  [0m] Started ebtables ruleset management.
[[0;32m  OK  [0m] Started AppArmor initialization.
         Starting Initial cloud-init job (pre-networking)...
[   22.042800] cloud-init[719]: Cloud-init v. 19.2-36-g059d049c-0ubuntu2~18.04.1 running 'init-local' at Wed, 18 Dec 2019 10:34:35 +0000. Up 21.45 seconds.
[[0;32m  OK  [0m] Started Initial cloud-init job (pre-networking).
[[0;32m  OK  [0m] Reached target Network (Pre).
         Starting Network Service...
[[0;32m  OK  [0m] Started Network Service.
         Starting Network Name Resolution...
         Starting Wait for Network to be Configured...
[[0;32m  OK  [0m] Started Network Name Resolution.
[[0;32m  OK  [0m] Reached target Host and Network Name Lookups.
[[0;32m  OK  [0m] Reached target Network.
[[0;32m  OK  [0m] Started Wait for Network to be Configured.
         Starting Initial cloud-init job (metadata service crawler)...
[   23.963880] cloud-init[840]: Cloud-init v. 19.2-36-g059d049c-0ubuntu2~18.04.1 running 'init' at Wed, 18 Dec 2019 10:34:37 +0000. Up 23.80 seconds.
[   24.108219] cloud-init[840]: ci-info: ++++++++++++++++++++++++++++++++++++++Net device info+++++++++++++++++++++++++++++++++++++++
[   24.109870] cloud-init[840]: ci-info: +--------+-------+----------------------------+---------------+--------+-------------------+
[   24.111481] cloud-init[840]: ci-info: | Device |   Up  |          Address           |      Mask     | Scope  |     Hw-Address    |
[   24.113129] cloud-init[840]: ci-info: +--------+-------+----------------------------+---------------+--------+-------------------+
[   24.114735] cloud-init[840]: ci-info: | enp0s3 |  True |         10.0.2.15          | 255.255.255.0 | global | 02:98:c1:50:7a:e3 |
[   24.116287] cloud-init[840]: ci-info: | enp0s3 |  True | fe80::98:c1ff:fe50:7ae3/64 |       .       |  link  | 02:98:c1:50:7a:e3 |
[   24.117674] cloud-init[840]: ci-info: | enp0s8 | False |             .              |       .       |   .    | 08:00:27:04:2c:3e |
[   24.118997] cloud-init[840]: ci-info: |   lo   |  True |         127.0.0.1          |   255.0.0.0   |  host  |         .         |
[   24.120329] cloud-init[840]: ci-info: |   lo   |  True |          ::1/128           |       .       |  host  |         .         |
[   24.122601] cloud-init[840]: ci-info: +--------+-------+----------------------------+---------------+--------+-------------------+
[   24.123934] cloud-init[840]: ci-info: ++++++++++++++++++++++++++++Route IPv4 info+++++++++++++++++++++++++++++
[   24.125073] cloud-init[840]: ci-info: +-------+-------------+----------+-----------------+-----------+-------+
[   24.126210] cloud-init[840]: ci-info: | Route | Destination | Gateway  |     Genmask     | Interface | Flags |
[   24.127552] cloud-init[840]: ci-info: +-------+-------------+----------+-----------------+-----------+-------+
[   24.128726] cloud-init[840]: ci-info: |   0   |   0.0.0.0   | 10.0.2.2 |     0.0.0.0     |   enp0s3  |   UG  |
[   24.129832] cloud-init[840]: ci-info: |   1   |   10.0.2.0  | 0.0.0.0  |  255.255.255.0  |   enp0s3  |   U   |
[   24.131351] cloud-init[840]: ci-info: |   2   |   10.0.2.2  | 0.0.0.0  | 255.255.255.255 |   enp0s3  |   UH  |
[   24.144369] cloud-init[840]: ci-info: +-------+-------------+----------+-----------------+-----------+-------+
[   24.147943] cloud-init[840]: ci-info: +++++++++++++++++++Route IPv6 info+++++++++++++++++++
[   24.196485] cloud-init[840]: ci-info: +-------+-------------+---------+-----------+-------+
[   24.209114] cloud-init[840]: ci-info: | Route | Destination | Gateway | Interface | Flags |
[   24.213381] cloud-init[840]: ci-info: +-------+-------------+---------+-----------+-------+
[   24.217594] cloud-init[840]: ci-info: |   1   |  fe80::/64  |    ::   |   enp0s3  |   U   |
[   24.220612] cloud-init[840]: ci-info: |   3   |    local    |    ::   |   enp0s3  |   U   |
[   24.224205] cloud-init[840]: ci-info: |   4   |   ff00::/8  |    ::   |   enp0s3  |   U   |
[   24.227704] cloud-init[840]: ci-info: +-------+-------------+---------+-----------+-------+
[   25.872324] cloud-init[840]: Generating public/private rsa key pair.
[[0;32m  OK  [0m] Started Initial cloud-init job (metadata service crawler).
[   25.926310] cloud-init[840]: Your identification has been saved in /etc/ssh/ssh_host_rsa_key.
[[0;32m  OK  [0m] Reached target Cloud-config availability.[   25.928496] cloud-init[840]: Your public key has been saved in /etc/ssh/ssh_host_rsa_key.pub.
[   25.929536] cloud-init[840]: The key fingerprint is:
[   25.930280] cloud-init[840]: SHA256:Za9t50wsCtax2MZJzdyb7kVQ86zyj4Ex+XCA3Zl/fyY root@ubuntu-bionic
[   25.931353] cloud-init[840]: The key's randomart image is:

[[0;32m  OK  [0m] Reached target Network is Online.
[   25.940799] cloud-init[840]: +---[RSA 2048]----+
[   25.941707] cloud-init[840]: |               ..|
[   25.942569] cloud-init[840]: |           o . =o|
[   25.943423] cloud-init[840]: |          + o = o|
[   25.945749] cloud-init[840]: |         o = + + |
[   25.946859] cloud-init[840]: |        S o @ + +|
[   25.948287] cloud-init[840]: |         * * @ +o|
         Starting Availability of block devices...
[[0;32m  OK  [0m] Reached target Remote File Systems (Pre).
[[0;32m  OK  [0m] Reached target Remote File Systems.
[[0;32m  OK  [0m] Reached target System Initialization.
[[0;32m  OK  [0m] Listening on ACPID Listen Socket.
[   25.957796] cloud-init[840]: |        + O = E =|
         Starting Socket activation for snappy daemon.[   25.975736] cloud-init[840]: |       . o o B B.|
[   25.976942] cloud-init[840]: |          .  .* .|
[   25.977745] cloud-init[840]: +----[SHA256]-----+
[   25.978551] cloud-init[840]: Generating public/private dsa key pair.
[   25.979530] cloud-init[840]: Your identification has been saved in /etc/ssh/ssh_host_dsa_key.

[   25.983002] cloud-init[840]: Your public key has been saved in /etc/ssh/ssh_host_dsa_key.pub.
[   25.984315] cloud-init[840]: The key fingerprint is:
[   25.985193] cloud-init[840]: SHA256:4hu0NHHKrH5jTkqb40FeNVWtn9Yz+VhTxp4MNh0fpAs root@ubuntu-bionic
[   25.986438] cloud-init[840]: The key's randomart image is:
[   25.987340] cloud-init[840]: +---[DSA 1024]----+
[   25.988239] cloud-init[840]: |          ...... |
[   25.989061] cloud-init[840]: |         .    oo |
[   25.989897] cloud-init[840]: |      . +  E o..+|
[   25.990723] cloud-init[840]: |     o = .  o+..=|
[   25.991557] cloud-init[840]: |    . X S   .o+=+|
[   25.992423] cloud-init[840]: |   o * +      +B+|
[   25.993254] cloud-init[840]: |    = =      . o=|
[   25.994077] cloud-init[840]: |   o.*+o      . .|
[   25.994914] cloud-init[840]: |   .*=o.         |
[   25.995748] cloud-init[840]: +----[SHA256]-----+
[   25.996649]          Starting LXD - unix socket.
[[0;32m  OK  [0m] Listening on Open-iSCSI iscsid Socket.
[[0;32m  OK  [0m] Started Discard unused blocks once a week.cloud-init[840]: Generating public/private ecdsa key pair.
[   26.001034] cloud-init[840]: Your identification has been saved in /etc/ssh/ssh_host_ecdsa_key.
[   26.002278] cloud-init[840]: Your public key has been saved in /etc/ssh/ssh_host_ecdsa_key.pub.
[   26.003482] cloud-init[840]: The key fingerprint is:
[[0;32m  OK  [0m] Listening on D-Bus System Message Bus Socket.
[[0;32m  OK  [0m] Listening on UUID daemon activation socket.
[[0;32m  OK  [0m] Started ACPI Events Check.
[[0;32m  OK  [0m] Started Daily Cleanup of Temporary Directories.
[[0;32m  OK  [0m] Started Message of the Day.
[[0;32m  OK  [0m] Started Daily apt download activities.
[[0;32m  OK  [0m] Started Daily apt upgrade and clean activities.
[[0;32m  OK  [0m] Reached target Timers.
[[0;32m  OK  [0m] Reached target Paths.

[   26.020381] cloud-init[840]: SHA256:Ih/+l43lMT9fPx1R5u5yyi96ihGnjnVxvRjt+WCevo4 root@ubuntu-bionic
[[0;32m  OK  [0m] Started Availability of block devices.
[[0;32m  OK  [0m] Listening on Socket activation for snappy daemon.
[   26.026125] cloud-init[840]: The key's randomart image is:
[[0;32m  OK  [0m] Listening on LXD - unix socket.
[[0;32m  OK  [0m] Reached target Sockets.
[   26.029140] cloud-init[840]: +---[ECDSA 256]---+
[[0;32m  OK  [0m] Reached target Basic System.
[[0;32m  OK  [0m] Started D-Bus System Message Bus.
[   26.034187] cloud-init[840]: |                 |
[   26.038412] cloud-init[840]: |                o|
[   26.040244] cloud-init[840]: |               o.|
[   26.042235] cloud-init[840]: |              .o.|
[   26.044323] cloud-init[840]: |    . o S . o..oo|
[   26.056176] cloud-init[840]: |     + o   ++o+.+|
[   26.057096] cloud-init[840]: |      o   +*.=o=+|
[   26.057942] cloud-init[840]: |       . +++o=*+B|
[   26.058795] cloud-init[840]: |        o.o E*OX*|
[   26.059632] cloud-init[840]: +----[SHA256]-----+
[   26.060555] cloud-init[840]: Generating public/private ed25519 key pair.
[   26.061592] cloud-init[840]: Your identification has been saved in /etc/ssh/ssh_host_ed25519_key.
[   26.062872] cloud-init[840]: Your public key has been saved in /etc/ssh/ssh_host_ed25519_key.pub.
[   26.064152] cloud-init[840]: The key fingerprint is:
[   26.065009] cloud-init[840]: SHA256:pcUlZxczfi0OMCnvLstxrFShi0fo4KQ/43u0h+T7ZO4 root@ubuntu-bionic
[   26.066411] cloud-init[840]: The key's randomart image is:
[   26.079968] cloud-init[840]: +--[ED25519 256]--+
[   26.080776] cloud-init[840]: |          +.+ =. |
[   26.081502] cloud-init[840]: |        ...B o o.|
[   26.082269] cloud-init[840]: |         o= . o o|
[   26.083027] cloud-init[840]: |       . =.. o o |
[   26.083740] cloud-init[840]: |    o . S..   .  |
[   26.084474] cloud-init[840]: |   + ooo +.      |
[   26.085208] cloud-init[840]: |  . .+ooB.o      |
[   26.086322] cloud-init[840]: |   .o =Bo+.      |
[   26.088064] cloud-init[840]: |   .+=.=Eo       |
[   26.088899] cloud-init[840]: +----[SHA256]-----+
         Starting LSB: Record successful boot for GRUB...
         Starting LSB: automatic crash report generation...
         Starting Pollinate to seed the pseudo random number generator...
         Starting LXD - container startup/shutdown...
         Starting Dispatcher daemon for systemd-networkd...
[[0;32m  OK  [0m] Started Regular background program processing daemon.
         Starting System Logging Service...
         Starting Virtualbox guest utils...
         Starting Permit User Sessions...
         Starting Login Service...
         Starting Accounts Service...
[[0;32m  OK  [0m] Started FUSE filesystem for LXC.
[[0;32m  OK  [0m] Started Deferred execution scheduler.
[[0;32m  OK  [0m] Started irqbalance daemon.
         Starting Snappy daemon...
[[0;32m  OK  [0m] Started Permit User Sessions.
[[0;32m  OK  [0m] Started Login Service.
[[0;32m  OK  [0m] Started Unattended Upgrades Shutdown.
         Starting Terminate Plymouth Boot Screen...
         Starting Hold until boot process finishes up...
[[0;32m  OK  [0m] Started Hold until boot process finishes up.
[[0;32m  OK  [0m] Started Terminate Plymouth Boot Screen.
         Starting Set console scheme...
[[0;32m  OK  [0m] Started Serial Getty on ttyS0.
[[0;32m  OK  [0m] Started Set console scheme.
[[0;32m  OK  [0m] Created slice system-getty.slice.
[[0;32m  OK  [0m] Started Getty on tty1.
[[0;32m  OK  [0m] Reached target Login Prompts.
         Starting Authorization Manager...
[[0;32m  OK  [0m] Started LSB: automatic crash report generation.
[[0;32m  OK  [0m] Started System Logging Service.
[[0;32m  OK  [0m] Started LSB: Record successful boot for GRUB.
[[0;32m  OK  [0m] Started Virtualbox guest utils.
[[0;32m  OK  [0m] Started Authorization Manager.
[[0;32m  OK  [0m] Started Accounts Service.
[[0;32m  OK  [0m] Started Dispatcher daemon for systemd-networkd.
[[0;32m  OK  [0m] Started LXD - container startup/shutdown.
[[0;32m  OK  [0m] Started Snappy daemon.
         Starting Wait until snapd is fully seeded...

Ubuntu 18.04.3 LTS ubuntu-bionic ttyS0

ubuntu-bionic login: [   37.283718] cloud-init[1621]: Cloud-init v. 19.2-36-g059d049c-0ubuntu2~18.04.1 running 'modules:config' at Wed, 18 Dec 2019 10:34:49 +0000. Up 36.13 seconds.
ci-info: no authorized ssh keys fingerprints found for user ubuntu.
<14>Dec 18 10:34:51 ec2: 
<14>Dec 18 10:34:51 ec2: #############################################################
<14>Dec 18 10:34:51 ec2: -----BEGIN SSH HOST KEY FINGERPRINTS-----
<14>Dec 18 10:34:51 ec2: 1024 SHA256:4hu0NHHKrH5jTkqb40FeNVWtn9Yz+VhTxp4MNh0fpAs root@ubuntu-bionic (DSA)
<14>Dec 18 10:34:51 ec2: 256 SHA256:Ih/+l43lMT9fPx1R5u5yyi96ihGnjnVxvRjt+WCevo4 root@ubuntu-bionic (ECDSA)
<14>Dec 18 10:34:51 ec2: 256 SHA256:pcUlZxczfi0OMCnvLstxrFShi0fo4KQ/43u0h+T7ZO4 root@ubuntu-bionic (ED25519)
<14>Dec 18 10:34:51 ec2: 2048 SHA256:Za9t50wsCtax2MZJzdyb7kVQ86zyj4Ex+XCA3Zl/fyY root@ubuntu-bionic (RSA)
<14>Dec 18 10:34:51 ec2: -----END SSH HOST KEY FINGERPRINTS-----
<14>Dec 18 10:34:51 ec2: #############################################################
-----BEGIN SSH HOST KEY KEYS-----
ecdsa-sha2-nistp256 AAAAE2VjZHNhLXNoYTItbmlzdHAyNTYAAAAIbmlzdHAyNTYAAABBBExxwwBiHxWuNBJGqfRoXq6H+P3d4UdLhADp4K9jBU5e2Fxu9ZYCOzgld6XAHR2K3NiEjUGamy/jDck9cyElUd4= root@ubuntu-bionic
ssh-ed25519 AAAAC3NzaC1lZDI1NTE5AAAAIKD3BSUMDx7O+9CDWbgV4+S/0JJnuyRl14roWobpWLVI root@ubuntu-bionic
ssh-rsa AAAAB3NzaC1yc2EAAAADAQABAAABAQC/Hmib2XRFjL0let9VRcEZWRfUGtA2mlfVBopI5Vd1JLWUyL2vMiHfXcpdKbd3xQudruQqMvAnOBYO64K9iyMQbIK2JZRVk9pGdLAUjCpzk4R0/FmfJ+tGE2NoSr7FEerPPC0iw2YtHT339ZEBDbYDv6oqYRmWvT+Wo3kYMBHzWf5uovVXg1UlECCtwf/CwHQQFehL/1HwlZaIOrWqoHTtRoWEJeZ7UQathIe5+6/3Cp/ZL2e28UcsJtqdCqqyZDrTcB87X9TlsSeL5QOfRu7mXili1Hx/F5SvCcgoa41CAYEf+8ruzMMsIMfVaIblr+4Nd+mzm4VHbNwZN8c0dTHz root@ubuntu-bionic
-----END SSH HOST KEY KEYS-----
[   37.953432] cloud-init[1759]: Cloud-init v. 19.2-36-g059d049c-0ubuntu2~18.04.1 running 'modules:final' at Wed, 18 Dec 2019 10:34:51 +0000. Up 37.69 seconds.
[   37.953505] cloud-init[1759]: ci-info: no authorized ssh keys fingerprints found for user ubuntu.
[   37.953544] cloud-init[1759]: Cloud-init v. 19.2-36-g059d049c-0ubuntu2~18.04.1 finished at Wed, 18 Dec 2019 10:34:51 +0000. Datasource DataSourceNoCloud [seed=/dev/sdb][dsmode=net].  Up 37.94 seconds
